# JRE version: Java(TM) SE Runtime Environment (8.0_65-b17) (build 1.8.0_65-b17)
# Java VM: Java HotSpot(TM) 64-Bit Server VM (25.65-b01 mixed mode windows-amd64 compressed oops)
Heap:
 PSYoungGen      total 194560K, used 177656K [0x00000000eb400000, 0x00000000f8580000, 0x0000000100000000)
  eden space 184832K, 93% used [0x00000000eb400000,0x00000000f5c260d0,0x00000000f6880000)
  from space 9728K, 56% used [0x00000000f7c00000,0x00000000f8158060,0x00000000f8580000)
  to   space 14848K, 0% used [0x00000000f6880000,0x00000000f6880000,0x00000000f7700000)
 ParOldGen       total 108544K, used 52726K [0x00000000c1c00000, 0x00000000c8600000, 0x00000000eb400000)
  object space 108544K, 48% used [0x00000000c1c00000,0x00000000c4f7d8a8,0x00000000c8600000)
 Metaspace       used 62020K, capacity 63948K, committed 64000K, reserved 1103872K
  class space    used 8231K, capacity 8693K, committed 8704K, reserved 1048576K
GC Heap History (10 events):
Event: 35.135 GC heap before
{Heap before GC invocations=19 (full 2):
 PSYoungGen      total 147456K, used 145088K [0x00000000eb400000, 0x00000000f5200000, 0x0000000100000000)
  eden space 139264K, 100% used [0x00000000eb400000,0x00000000f3c00000,0x00000000f3c00000)
  from space 8192K, 71% used [0x00000000f4a00000,0x00000000f4fb0000,0x00000000f5200000)
  to   space 11264K, 0% used [0x00000000f3c00000,0x00000000f3c00000,0x00000000f4700000)
 ParOldGen       total 55808K, used 33210K [0x00000000c1c00000, 0x00000000c5280000, 0x00000000eb400000)
  object space 55808K, 59% used [0x00000000c1c00000,0x00000000c3c6ea60,0x00000000c5280000)
 Metaspace       used 48955K, capacity 50362K, committed 50560K, reserved 1093632K
  class space    used 6610K, capacity 6936K, committed 7040K, reserved 1048576K
Event: 35.194 GC heap after
Heap after GC invocations=19 (full 2):
 PSYoungGen      total 150528K, used 3200K [0x00000000eb400000, 0x00000000f6d80000, 0x0000000100000000)
  eden space 139264K, 0% used [0x00000000eb400000,0x00000000eb400000,0x00000000f3c00000)
  from space 11264K, 28% used [0x00000000f3c00000,0x00000000f3f20000,0x00000000f4700000)
  to   space 11264K, 0% used [0x00000000f6280000,0x00000000f6280000,0x00000000f6d80000)
 ParOldGen       total 55808K, used 38230K [0x00000000c1c00000, 0x00000000c5280000, 0x00000000eb400000)
  object space 55808K, 68% used [0x00000000c1c00000,0x00000000c4155b78,0x00000000c5280000)
 Metaspace       used 48955K, capacity 50362K, committed 50560K, reserved 1093632K
  class space    used 6610K, capacity 6936K, committed 7040K, reserved 1048576K
}
Event: 46.183 GC heap before
{Heap before GC invocations=20 (full 2):
 PSYoungGen      total 150528K, used 142464K [0x00000000eb400000, 0x00000000f6d80000, 0x0000000100000000)
  eden space 139264K, 100% used [0x00000000eb400000,0x00000000f3c00000,0x00000000f3c00000)
  from space 11264K, 28% used [0x00000000f3c00000,0x00000000f3f20000,0x00000000f4700000)
  to   space 11264K, 0% used [0x00000000f6280000,0x00000000f6280000,0x00000000f6d80000)
 ParOldGen       total 55808K, used 38230K [0x00000000c1c00000, 0x00000000c5280000, 0x00000000eb400000)
  object space 55808K, 68% used [0x00000000c1c00000,0x00000000c4155b78,0x00000000c5280000)
 Metaspace       used 54216K, capacity 55888K, committed 56192K, reserved 1097728K
  class space    used 7279K, capacity 7681K, committed 7808K, reserved 1048576K
Event: 46.213 GC heap after
Heap after GC invocations=20 (full 2):
 PSYoungGen      total 174080K, used 11246K [0x00000000eb400000, 0x00000000f7380000, 0x0000000100000000)
  eden space 162816K, 0% used [0x00000000eb400000,0x00000000eb400000,0x00000000f5300000)
  from space 11264K, 99% used [0x00000000f6280000,0x00000000f6d7bb38,0x00000000f6d80000)
  to   space 15872K, 0% used [0x00000000f5300000,0x00000000f5300000,0x00000000f6280000)
 ParOldGen       total 55808K, used 46112K [0x00000000c1c00000, 0x00000000c5280000, 0x00000000eb400000)
  object space 55808K, 82% used [0x00000000c1c00000,0x00000000c49080b0,0x00000000c5280000)
 Metaspace       used 54216K, capacity 55888K, committed 56192K, reserved 1097728K
  class space    used 7279K, capacity 7681K, committed 7808K, reserved 1048576K
}
Event: 50.213 GC heap before
{Heap before GC invocations=21 (full 2):
 PSYoungGen      total 174080K, used 174062K [0x00000000eb400000, 0x00000000f7380000, 0x0000000100000000)
  eden space 162816K, 100% used [0x00000000eb400000,0x00000000f5300000,0x00000000f5300000)
  from space 11264K, 99% used [0x00000000f6280000,0x00000000f6d7bb38,0x00000000f6d80000)
  to   space 15872K, 0% used [0x00000000f5300000,0x00000000f5300000,0x00000000f6280000)
 ParOldGen       total 55808K, used 46112K [0x00000000c1c00000, 0x00000000c5280000, 0x00000000eb400000)
  object space 55808K, 82% used [0x00000000c1c00000,0x00000000c49080b0,0x00000000c5280000)
 Metaspace       used 54587K, capacity 56326K, committed 56448K, reserved 1097728K
  class space    used 7307K, capacity 7738K, committed 7808K, reserved 1048576K
Event: 50.240 GC heap after
Heap after GC invocations=21 (full 2):
 PSYoungGen      total 178688K, used 4016K [0x00000000eb400000, 0x00000000f8b00000, 0x0000000100000000)
  eden space 162816K, 0% used [0x00000000eb400000,0x00000000eb400000,0x00000000f5300000)
  from space 15872K, 25% used [0x00000000f5300000,0x00000000f56ec010,0x00000000f6280000)
  to   space 15360K, 0% used [0x00000000f7c00000,0x00000000f7c00000,0x00000000f8b00000)
 ParOldGen       total 57856K, used 57178K [0x00000000c1c00000, 0x00000000c5480000, 0x00000000eb400000)
  object space 57856K, 98% used [0x00000000c1c00000,0x00000000c53d6b50,0x00000000c5480000)
 Metaspace       used 54587K, capacity 56326K, committed 56448K, reserved 1097728K
  class space    used 7307K, capacity 7738K, committed 7808K, reserved 1048576K
}
Event: 50.240 GC heap before
{Heap before GC invocations=22 (full 3):
 PSYoungGen      total 178688K, used 4016K [0x00000000eb400000, 0x00000000f8b00000, 0x0000000100000000)
  eden space 162816K, 0% used [0x00000000eb400000,0x00000000eb400000,0x00000000f5300000)
  from space 15872K, 25% used [0x00000000f5300000,0x00000000f56ec010,0x00000000f6280000)
  to   space 15360K, 0% used [0x00000000f7c00000,0x00000000f7c00000,0x00000000f8b00000)
 ParOldGen       total 57856K, used 57178K [0x00000000c1c00000, 0x00000000c5480000, 0x00000000eb400000)
  object space 57856K, 98% used [0x00000000c1c00000,0x00000000c53d6b50,0x00000000c5480000)
 Metaspace       used 54587K, capacity 56326K, committed 56448K, reserved 1097728K
  class space    used 7307K, capacity 7738K, committed 7808K, reserved 1048576K
Event: 51.000 GC heap after
Heap after GC invocations=22 (full 3):
 PSYoungGen      total 178688K, used 0K [0x00000000eb400000, 0x00000000f8b00000, 0x0000000100000000)
  eden space 162816K, 0% used [0x00000000eb400000,0x00000000eb400000,0x00000000f5300000)
  from space 15872K, 0% used [0x00000000f5300000,0x00000000f5300000,0x00000000f6280000)
  to   space 15360K, 0% used [0x00000000f7c00000,0x00000000f7c00000,0x00000000f8b00000)
 ParOldGen       total 108544K, used 52718K [0x00000000c1c00000, 0x00000000c8600000, 0x00000000eb400000)
  object space 108544K, 48% used [0x00000000c1c00000,0x00000000c4f7b8a8,0x00000000c8600000)
 Metaspace       used 54587K, capacity 56326K, committed 56448K, reserved 1097728K
  class space    used 7307K, capacity 7738K, committed 7808K, reserved 1048576K
}
Event: 55.280 GC heap before
{Heap before GC invocations=23 (full 3):
 PSYoungGen      total 178688K, used 162816K [0x00000000eb400000, 0x00000000f8b00000, 0x0000000100000000)
  eden space 162816K, 100% used [0x00000000eb400000,0x00000000f5300000,0x00000000f5300000)
  from space 15872K, 0% used [0x00000000f5300000,0x00000000f5300000,0x00000000f6280000)
  to   space 15360K, 0% used [0x00000000f7c00000,0x00000000f7c00000,0x00000000f8b00000)
 ParOldGen       total 108544K, used 52718K [0x00000000c1c00000, 0x00000000c8600000, 0x00000000eb400000)
  object space 108544K, 48% used [0x00000000c1c00000,0x00000000c4f7b8a8,0x00000000c8600000)
 Metaspace       used 55359K, capacity 57216K, committed 57344K, reserved 1099776K
  class space    used 7417K, capacity 7863K, committed 7936K, reserved 1048576K
Event: 55.293 GC heap after
Heap after GC invocations=23 (full 3):
 PSYoungGen      total 194560K, used 5472K [0x00000000eb400000, 0x00000000f8580000, 0x0000000100000000)
  eden space 184832K, 0% used [0x00000000eb400000,0x00000000eb400000,0x00000000f6880000)
  from space 9728K, 56% used [0x00000000f7c00000,0x00000000f8158060,0x00000000f8580000)
  to   space 14848K, 0% used [0x00000000f6880000,0x00000000f6880000,0x00000000f7700000)
 ParOldGen       total 108544K, used 52726K [0x00000000c1c00000, 0x00000000c8600000, 0x00000000eb400000)
  object space 108544K, 48% used [0x00000000c1c00000,0x00000000c4f7d8a8,0x00000000c8600000)
 Metaspace       used 55359K, capacity 57216K, committed 57344K, reserved 1099776K
  class space    used 7417K, capacity 7863K, committed 7936K, reserved 1048576K
}

