# JRE version: Java(TM) SE Runtime Environment (8.0_65-b17) (build 1.8.0_65-b17)
# Java VM: Java HotSpot(TM) 64-Bit Server VM (25.65-b01 mixed mode windows-amd64 compressed oops)
Heap:
 PSYoungGen      total 136704K, used 21450K [0x00000000eb400000, 0x00000000f6180000, 0x0000000100000000)
  eden space 128000K, 9% used [0x00000000eb400000,0x00000000ec073350,0x00000000f3100000)
  from space 8704K, 99% used [0x00000000f3100000,0x00000000f397f690,0x00000000f3980000)
  to   space 11264K, 0% used [0x00000000f5680000,0x00000000f5680000,0x00000000f6180000)
 ParOldGen       total 36352K, used 13876K [0x00000000c1c00000, 0x00000000c3f80000, 0x00000000eb400000)
  object space 36352K, 38% used [0x00000000c1c00000,0x00000000c298d368,0x00000000c3f80000)
 Metaspace       used 33970K, capacity 34530K, committed 35072K, reserved 1079296K
  class space    used 4625K, capacity 4760K, committed 4864K, reserved 1048576K
GC Heap History (10 events):
Event: 5.394 GC heap before
{Heap before GC invocations=6 (full 0):
 PSYoungGen      total 35328K, used 35312K [0x00000000eb400000, 0x00000000f0400000, 0x0000000100000000)
  eden space 32768K, 100% used [0x00000000eb400000,0x00000000ed400000,0x00000000ed400000)
  from space 2560K, 99% used [0x00000000ed400000,0x00000000ed67c010,0x00000000ed680000)
  to   space 8192K, 0% used [0x00000000efc00000,0x00000000efc00000,0x00000000f0400000)
 ParOldGen       total 44032K, used 10437K [0x00000000c1c00000, 0x00000000c4700000, 0x00000000eb400000)
  object space 44032K, 23% used [0x00000000c1c00000,0x00000000c26316b0,0x00000000c4700000)
 Metaspace       used 20764K, capacity 20960K, committed 21120K, reserved 1067008K
  class space    used 2851K, capacity 2931K, committed 2944K, reserved 1048576K
Event: 5.418 GC heap after
Heap after GC invocations=6 (full 0):
 PSYoungGen      total 73216K, used 6787K [0x00000000eb400000, 0x00000000f0500000, 0x0000000100000000)
  eden space 65024K, 0% used [0x00000000eb400000,0x00000000eb400000,0x00000000ef380000)
  from space 8192K, 82% used [0x00000000efc00000,0x00000000f02a0f10,0x00000000f0400000)
  to   space 8704K, 0% used [0x00000000ef380000,0x00000000ef380000,0x00000000efc00000)
 ParOldGen       total 44032K, used 10445K [0x00000000c1c00000, 0x00000000c4700000, 0x00000000eb400000)
  object space 44032K, 23% used [0x00000000c1c00000,0x00000000c26336b0,0x00000000c4700000)
 Metaspace       used 20764K, capacity 20960K, committed 21120K, reserved 1067008K
  class space    used 2851K, capacity 2931K, committed 2944K, reserved 1048576K
}
Event: 5.464 GC heap before
{Heap before GC invocations=7 (full 0):
 PSYoungGen      total 73216K, used 8082K [0x00000000eb400000, 0x00000000f0500000, 0x0000000100000000)
  eden space 65024K, 1% used [0x00000000eb400000,0x00000000eb5439d0,0x00000000ef380000)
  from space 8192K, 82% used [0x00000000efc00000,0x00000000f02a0f10,0x00000000f0400000)
  to   space 8704K, 0% used [0x00000000ef380000,0x00000000ef380000,0x00000000efc00000)
 ParOldGen       total 44032K, used 10445K [0x00000000c1c00000, 0x00000000c4700000, 0x00000000eb400000)
  object space 44032K, 23% used [0x00000000c1c00000,0x00000000c26336b0,0x00000000c4700000)
 Metaspace       used 20929K, capacity 21164K, committed 21296K, reserved 1067008K
  class space    used 2869K, capacity 2935K, committed 2944K, reserved 1048576K
Event: 5.482 GC heap after
Heap after GC invocations=7 (full 0):
 PSYoungGen      total 73728K, used 3701K [0x00000000eb400000, 0x00000000f4400000, 0x0000000100000000)
  eden space 65024K, 0% used [0x00000000eb400000,0x00000000eb400000,0x00000000ef380000)
  from space 8704K, 42% used [0x00000000ef380000,0x00000000ef71d640,0x00000000efc00000)
  to   space 8704K, 0% used [0x00000000f3b80000,0x00000000f3b80000,0x00000000f4400000)
 ParOldGen       total 44032K, used 10949K [0x00000000c1c00000, 0x00000000c4700000, 0x00000000eb400000)
  object space 44032K, 24% used [0x00000000c1c00000,0x00000000c26b1780,0x00000000c4700000)
 Metaspace       used 20929K, capacity 21164K, committed 21296K, reserved 1067008K
  class space    used 2869K, capacity 2935K, committed 2944K, reserved 1048576K
}
Event: 5.482 GC heap before
{Heap before GC invocations=8 (full 1):
 PSYoungGen      total 73728K, used 3701K [0x00000000eb400000, 0x00000000f4400000, 0x0000000100000000)
  eden space 65024K, 0% used [0x00000000eb400000,0x00000000eb400000,0x00000000ef380000)
  from space 8704K, 42% used [0x00000000ef380000,0x00000000ef71d640,0x00000000efc00000)
  to   space 8704K, 0% used [0x00000000f3b80000,0x00000000f3b80000,0x00000000f4400000)
 ParOldGen       total 44032K, used 10949K [0x00000000c1c00000, 0x00000000c4700000, 0x00000000eb400000)
  object space 44032K, 24% used [0x00000000c1c00000,0x00000000c26b1780,0x00000000c4700000)
 Metaspace       used 20929K, capacity 21164K, committed 21296K, reserved 1067008K
  class space    used 2869K, capacity 2935K, committed 2944K, reserved 1048576K
Event: 5.621 GC heap after
Heap after GC invocations=8 (full 1):
 PSYoungGen      total 73728K, used 0K [0x00000000eb400000, 0x00000000f4400000, 0x0000000100000000)
  eden space 65024K, 0% used [0x00000000eb400000,0x00000000eb400000,0x00000000ef380000)
  from space 8704K, 0% used [0x00000000ef380000,0x00000000ef380000,0x00000000efc00000)
  to   space 8704K, 0% used [0x00000000f3b80000,0x00000000f3b80000,0x00000000f4400000)
 ParOldGen       total 36352K, used 10608K [0x00000000c1c00000, 0x00000000c3f80000, 0x00000000eb400000)
  object space 36352K, 29% used [0x00000000c1c00000,0x00000000c265c378,0x00000000c3f80000)
 Metaspace       used 20929K, capacity 21164K, committed 21296K, reserved 1067008K
  class space    used 2869K, capacity 2935K, committed 2944K, reserved 1048576K
}
Event: 7.423 GC heap before
{Heap before GC invocations=9 (full 1):
 PSYoungGen      total 73728K, used 65024K [0x00000000eb400000, 0x00000000f4400000, 0x0000000100000000)
  eden space 65024K, 100% used [0x00000000eb400000,0x00000000ef380000,0x00000000ef380000)
  from space 8704K, 0% used [0x00000000ef380000,0x00000000ef380000,0x00000000efc00000)
  to   space 8704K, 0% used [0x00000000f3b80000,0x00000000f3b80000,0x00000000f4400000)
 ParOldGen       total 36352K, used 10608K [0x00000000c1c00000, 0x00000000c3f80000, 0x00000000eb400000)
  object space 36352K, 29% used [0x00000000c1c00000,0x00000000c265c378,0x00000000c3f80000)
 Metaspace       used 25853K, capacity 26164K, committed 26368K, reserved 1071104K
  class space    used 3624K, capacity 3748K, committed 3840K, reserved 1048576K
Event: 7.432 GC heap after
Heap after GC invocations=9 (full 1):
 PSYoungGen      total 117760K, used 6362K [0x00000000eb400000, 0x00000000f4200000, 0x0000000100000000)
  eden space 111104K, 0% used [0x00000000eb400000,0x00000000eb400000,0x00000000f2080000)
  from space 6656K, 95% used [0x00000000f3b80000,0x00000000f41b6920,0x00000000f4200000)
  to   space 8704K, 0% used [0x00000000f3100000,0x00000000f3100000,0x00000000f3980000)
 ParOldGen       total 36352K, used 10616K [0x00000000c1c00000, 0x00000000c3f80000, 0x00000000eb400000)
  object space 36352K, 29% used [0x00000000c1c00000,0x00000000c265e378,0x00000000c3f80000)
 Metaspace       used 25853K, capacity 26164K, committed 26368K, reserved 1071104K
  class space    used 3624K, capacity 3748K, committed 3840K, reserved 1048576K
}
Event: 10.343 GC heap before
{Heap before GC invocations=10 (full 1):
 PSYoungGen      total 117760K, used 117466K [0x00000000eb400000, 0x00000000f4200000, 0x0000000100000000)
  eden space 111104K, 100% used [0x00000000eb400000,0x00000000f2080000,0x00000000f2080000)
  from space 6656K, 95% used [0x00000000f3b80000,0x00000000f41b6920,0x00000000f4200000)
  to   space 8704K, 0% used [0x00000000f3100000,0x00000000f3100000,0x00000000f3980000)
 ParOldGen       total 36352K, used 10616K [0x00000000c1c00000, 0x00000000c3f80000, 0x00000000eb400000)
  object space 36352K, 29% used [0x00000000c1c00000,0x00000000c265e378,0x00000000c3f80000)
 Metaspace       used 33217K, capacity 33794K, committed 34176K, reserved 1079296K
  class space    used 4544K, capacity 4664K, committed 4736K, reserved 1048576K
Event: 10.378 GC heap after
Heap after GC invocations=10 (full 1):
 PSYoungGen      total 136704K, used 8701K [0x00000000eb400000, 0x00000000f6180000, 0x0000000100000000)
  eden space 128000K, 0% used [0x00000000eb400000,0x00000000eb400000,0x00000000f3100000)
  from space 8704K, 99% used [0x00000000f3100000,0x00000000f397f690,0x00000000f3980000)
  to   space 11264K, 0% used [0x00000000f5680000,0x00000000f5680000,0x00000000f6180000)
 ParOldGen       total 36352K, used 13876K [0x00000000c1c00000, 0x00000000c3f80000, 0x00000000eb400000)
  object space 36352K, 38% used [0x00000000c1c00000,0x00000000c298d368,0x00000000c3f80000)
 Metaspace       used 33217K, capacity 33794K, committed 34176K, reserved 1079296K
  class space    used 4544K, capacity 4664K, committed 4736K, reserved 1048576K
}

