# JRE version: Java(TM) SE Runtime Environment (8.0_65-b17) (build 1.8.0_65-b17)
# Java VM: Java HotSpot(TM) 64-Bit Server VM (25.65-b01 mixed mode windows-amd64 compressed oops)
Heap:
 PSYoungGen      total 276992K, used 224256K [0x00000000eab00000, 0x0000000100000000, 0x0000000100000000)
  eden space 224256K, 100% used [0x00000000eab00000,0x00000000f8600000,0x00000000f8600000)
  from space 52736K, 0% used [0x00000000f8600000,0x00000000f8600000,0x00000000fb980000)
  to   space 55296K, 0% used [0x00000000fca00000,0x00000000fca00000,0x0000000100000000)
 ParOldGen       total 154624K, used 154342K [0x00000000c0000000, 0x00000000c9700000, 0x00000000eab00000)
  object space 154624K, 99% used [0x00000000c0000000,0x00000000c96b99e0,0x00000000c9700000)
 Metaspace       used 6525K, capacity 7320K, committed 7680K, reserved 1056768K
  class space    used 618K, capacity 656K, committed 768K, reserved 1048576K
GC Heap History (10 events):
Event: 27.323 GC heap before
{Heap before GC invocations=22 (full 11):
 PSYoungGen      total 276992K, used 224256K [0x00000000eab00000, 0x0000000100000000, 0x0000000100000000)
  eden space 224256K, 100% used [0x00000000eab00000,0x00000000f8600000,0x00000000f8600000)
  from space 52736K, 0% used [0x00000000f8600000,0x00000000f8600000,0x00000000fb980000)
  to   space 55296K, 0% used [0x00000000fca00000,0x00000000fca00000,0x0000000100000000)
 ParOldGen       total 154624K, used 154348K [0x00000000c0000000, 0x00000000c9700000, 0x00000000eab00000)
  object space 154624K, 99% used [0x00000000c0000000,0x00000000c96bb210,0x00000000c9700000)
 Metaspace       used 6523K, capacity 7320K, committed 7680K, reserved 1056768K
  class space    used 618K, capacity 656K, committed 768K, reserved 1048576K
Event: 28.601 GC heap after
Heap after GC invocations=22 (full 11):
 PSYoungGen      total 276992K, used 159350K [0x00000000eab00000, 0x0000000100000000, 0x0000000100000000)
  eden space 224256K, 71% used [0x00000000eab00000,0x00000000f469da68,0x00000000f8600000)
  from space 52736K, 0% used [0x00000000f8600000,0x00000000f8600000,0x00000000fb980000)
  to   space 55296K, 0% used [0x00000000fca00000,0x00000000fca00000,0x0000000100000000)
 ParOldGen       total 154624K, used 154347K [0x00000000c0000000, 0x00000000c9700000, 0x00000000eab00000)
  object space 154624K, 99% used [0x00000000c0000000,0x00000000c96bad70,0x00000000c9700000)
 Metaspace       used 6523K, capacity 7320K, committed 7680K, reserved 1056768K
  class space    used 618K, capacity 656K, committed 768K, reserved 1048576K
}
Event: 28.918 GC heap before
{Heap before GC invocations=23 (full 12):
 PSYoungGen      total 276992K, used 224256K [0x00000000eab00000, 0x0000000100000000, 0x0000000100000000)
  eden space 224256K, 100% used [0x00000000eab00000,0x00000000f8600000,0x00000000f8600000)
  from space 52736K, 0% used [0x00000000f8600000,0x00000000f8600000,0x00000000fb980000)
  to   space 55296K, 0% used [0x00000000fca00000,0x00000000fca00000,0x0000000100000000)
 ParOldGen       total 154624K, used 154347K [0x00000000c0000000, 0x00000000c9700000, 0x00000000eab00000)
  object space 154624K, 99% used [0x00000000c0000000,0x00000000c96bad70,0x00000000c9700000)
 Metaspace       used 6524K, capacity 7320K, committed 7680K, reserved 1056768K
  class space    used 618K, capacity 656K, committed 768K, reserved 1048576K
Event: 30.117 GC heap after
Heap after GC invocations=23 (full 12):
 PSYoungGen      total 276992K, used 169399K [0x00000000eab00000, 0x0000000100000000, 0x0000000100000000)
  eden space 224256K, 75% used [0x00000000eab00000,0x00000000f506dc08,0x00000000f8600000)
  from space 52736K, 0% used [0x00000000f8600000,0x00000000f8600000,0x00000000fb980000)
  to   space 55296K, 0% used [0x00000000fca00000,0x00000000fca00000,0x0000000100000000)
 ParOldGen       total 154624K, used 154347K [0x00000000c0000000, 0x00000000c9700000, 0x00000000eab00000)
  object space 154624K, 99% used [0x00000000c0000000,0x00000000c96bacd0,0x00000000c9700000)
 Metaspace       used 6524K, capacity 7320K, committed 7680K, reserved 1056768K
  class space    used 618K, capacity 656K, committed 768K, reserved 1048576K
}
Event: 30.378 GC heap before
{Heap before GC invocations=24 (full 13):
 PSYoungGen      total 276992K, used 224256K [0x00000000eab00000, 0x0000000100000000, 0x0000000100000000)
  eden space 224256K, 100% used [0x00000000eab00000,0x00000000f8600000,0x00000000f8600000)
  from space 52736K, 0% used [0x00000000f8600000,0x00000000f8600000,0x00000000fb980000)
  to   space 55296K, 0% used [0x00000000fca00000,0x00000000fca00000,0x0000000100000000)
 ParOldGen       total 154624K, used 154347K [0x00000000c0000000, 0x00000000c9700000, 0x00000000eab00000)
  object space 154624K, 99% used [0x00000000c0000000,0x00000000c96bacd0,0x00000000c9700000)
 Metaspace       used 6525K, capacity 7320K, committed 7680K, reserved 1056768K
  class space    used 618K, capacity 656K, committed 768K, reserved 1048576K
Event: 31.914 GC heap after
Heap after GC invocations=24 (full 13):
 PSYoungGen      total 276992K, used 177311K [0x00000000eab00000, 0x0000000100000000, 0x0000000100000000)
  eden space 224256K, 79% used [0x00000000eab00000,0x00000000f5827c40,0x00000000f8600000)
  from space 52736K, 0% used [0x00000000f8600000,0x00000000f8600000,0x00000000fb980000)
  to   space 55296K, 0% used [0x00000000fca00000,0x00000000fca00000,0x0000000100000000)
 ParOldGen       total 154624K, used 154344K [0x00000000c0000000, 0x00000000c9700000, 0x00000000eab00000)
  object space 154624K, 99% used [0x00000000c0000000,0x00000000c96ba2b0,0x00000000c9700000)
 Metaspace       used 6525K, capacity 7320K, committed 7680K, reserved 1056768K
  class space    used 618K, capacity 656K, committed 768K, reserved 1048576K
}
Event: 32.160 GC heap before
{Heap before GC invocations=25 (full 14):
 PSYoungGen      total 276992K, used 224256K [0x00000000eab00000, 0x0000000100000000, 0x0000000100000000)
  eden space 224256K, 100% used [0x00000000eab00000,0x00000000f8600000,0x00000000f8600000)
  from space 52736K, 0% used [0x00000000f8600000,0x00000000f8600000,0x00000000fb980000)
  to   space 55296K, 0% used [0x00000000fca00000,0x00000000fca00000,0x0000000100000000)
 ParOldGen       total 154624K, used 154344K [0x00000000c0000000, 0x00000000c9700000, 0x00000000eab00000)
  object space 154624K, 99% used [0x00000000c0000000,0x00000000c96ba2b0,0x00000000c9700000)
 Metaspace       used 6525K, capacity 7320K, committed 7680K, reserved 1056768K
  class space    used 618K, capacity 656K, committed 768K, reserved 1048576K
Event: 34.406 GC heap after
Heap after GC invocations=25 (full 14):
 PSYoungGen      total 276992K, used 184186K [0x00000000eab00000, 0x0000000100000000, 0x0000000100000000)
  eden space 224256K, 82% used [0x00000000eab00000,0x00000000f5edeab0,0x00000000f8600000)
  from space 52736K, 0% used [0x00000000f8600000,0x00000000f8600000,0x00000000fb980000)
  to   space 55296K, 0% used [0x00000000fca00000,0x00000000fca00000,0x0000000100000000)
 ParOldGen       total 154624K, used 154343K [0x00000000c0000000, 0x00000000c9700000, 0x00000000eab00000)
  object space 154624K, 99% used [0x00000000c0000000,0x00000000c96b9e30,0x00000000c9700000)
 Metaspace       used 6525K, capacity 7320K, committed 7680K, reserved 1056768K
  class space    used 618K, capacity 656K, committed 768K, reserved 1048576K
}
Event: 35.099 GC heap before
{Heap before GC invocations=26 (full 15):
 PSYoungGen      total 276992K, used 224256K [0x00000000eab00000, 0x0000000100000000, 0x0000000100000000)
  eden space 224256K, 100% used [0x00000000eab00000,0x00000000f8600000,0x00000000f8600000)
  from space 52736K, 0% used [0x00000000f8600000,0x00000000f8600000,0x00000000fb980000)
  to   space 55296K, 0% used [0x00000000fca00000,0x00000000fca00000,0x0000000100000000)
 ParOldGen       total 154624K, used 154343K [0x00000000c0000000, 0x00000000c9700000, 0x00000000eab00000)
  object space 154624K, 99% used [0x00000000c0000000,0x00000000c96b9e30,0x00000000c9700000)
 Metaspace       used 6525K, capacity 7320K, committed 7680K, reserved 1056768K
  class space    used 618K, capacity 656K, committed 768K, reserved 1048576K
Event: 36.644 GC heap after
Heap after GC invocations=26 (full 15):
 PSYoungGen      total 276992K, used 190168K [0x00000000eab00000, 0x0000000100000000, 0x0000000100000000)
  eden space 224256K, 84% used [0x00000000eab00000,0x00000000f64b6158,0x00000000f8600000)
  from space 52736K, 0% used [0x00000000f8600000,0x00000000f8600000,0x00000000fb980000)
  to   space 55296K, 0% used [0x00000000fca00000,0x00000000fca00000,0x0000000100000000)
 ParOldGen       total 154624K, used 154342K [0x00000000c0000000, 0x00000000c9700000, 0x00000000eab00000)
  object space 154624K, 99% used [0x00000000c0000000,0x00000000c96b99e0,0x00000000c9700000)
 Metaspace       used 6525K, capacity 7320K, committed 7680K, reserved 1056768K
  class space    used 618K, capacity 656K, committed 768K, reserved 1048576K
}

