# JRE version: Java(TM) SE Runtime Environment (8.0_65-b17) (build 1.8.0_65-b17)
# Java VM: Java HotSpot(TM) 64-Bit Server VM (25.65-b01 mixed mode windows-amd64 compressed oops)
Heap:
 PSYoungGen      total 201728K, used 142215K [0x00000000eab00000, 0x00000000fc300000, 0x0000000100000000)
  eden space 193536K, 73% used [0x00000000eab00000,0x00000000f35e1ff0,0x00000000f6800000)
  from space 8192K, 0% used [0x00000000fbb00000,0x00000000fbb00000,0x00000000fc300000)
  to   space 33792K, 0% used [0x00000000f9a00000,0x00000000f9a00000,0x00000000fbb00000)
 ParOldGen       total 120832K, used 120727K [0x00000000c0000000, 0x00000000c7600000, 0x00000000eab00000)
  object space 120832K, 99% used [0x00000000c0000000,0x00000000c75e5dd0,0x00000000c7600000)
 Metaspace       used 6503K, capacity 7320K, committed 7680K, reserved 1056768K
  class space    used 618K, capacity 656K, committed 768K, reserved 1048576K
GC Heap History (10 events):
Event: 9.281 GC heap before
{Heap before GC invocations=11 (full 1):
 PSYoungGen      total 227328K, used 227299K [0x00000000eab00000, 0x00000000fc300000, 0x0000000100000000)
  eden space 193536K, 100% used [0x00000000eab00000,0x00000000f6800000,0x00000000f6800000)
  from space 33792K, 99% used [0x00000000f9a00000,0x00000000fbaf8de0,0x00000000fbb00000)
  to   space 8192K, 0% used [0x00000000fbb00000,0x00000000fbb00000,0x00000000fc300000)
 ParOldGen       total 90112K, used 66621K [0x00000000c0000000, 0x00000000c5800000, 0x00000000eab00000)
  object space 90112K, 73% used [0x00000000c0000000,0x00000000c410f670,0x00000000c5800000)
 Metaspace       used 6490K, capacity 7320K, committed 7680K, reserved 1056768K
  class space    used 617K, capacity 656K, committed 768K, reserved 1048576K
Event: 9.789 GC heap after
Heap after GC invocations=11 (full 1):
 PSYoungGen      total 201728K, used 8174K [0x00000000eab00000, 0x00000000fc300000, 0x0000000100000000)
  eden space 193536K, 0% used [0x00000000eab00000,0x00000000eab00000,0x00000000f6800000)
  from space 8192K, 99% used [0x00000000fbb00000,0x00000000fc2fbbd8,0x00000000fc300000)
  to   space 33792K, 0% used [0x00000000f9a00000,0x00000000f9a00000,0x00000000fbb00000)
 ParOldGen       total 120832K, used 120411K [0x00000000c0000000, 0x00000000c7600000, 0x00000000eab00000)
  object space 120832K, 99% used [0x00000000c0000000,0x00000000c7596fe0,0x00000000c7600000)
 Metaspace       used 6490K, capacity 7320K, committed 7680K, reserved 1056768K
  class space    used 617K, capacity 656K, committed 768K, reserved 1048576K
}
Event: 9.789 GC heap before
{Heap before GC invocations=12 (full 2):
 PSYoungGen      total 201728K, used 8174K [0x00000000eab00000, 0x00000000fc300000, 0x0000000100000000)
  eden space 193536K, 0% used [0x00000000eab00000,0x00000000eab00000,0x00000000f6800000)
  from space 8192K, 99% used [0x00000000fbb00000,0x00000000fc2fbbd8,0x00000000fc300000)
  to   space 33792K, 0% used [0x00000000f9a00000,0x00000000f9a00000,0x00000000fbb00000)
 ParOldGen       total 120832K, used 120411K [0x00000000c0000000, 0x00000000c7600000, 0x00000000eab00000)
  object space 120832K, 99% used [0x00000000c0000000,0x00000000c7596fe0,0x00000000c7600000)
 Metaspace       used 6490K, capacity 7320K, committed 7680K, reserved 1056768K
  class space    used 617K, capacity 656K, committed 768K, reserved 1048576K
Event: 12.376 GC heap after
Heap after GC invocations=12 (full 2):
 PSYoungGen      total 201728K, used 3554K [0x00000000eab00000, 0x00000000fc300000, 0x0000000100000000)
  eden space 193536K, 0% used [0x00000000eab00000,0x00000000eab00000,0x00000000f6800000)
  from space 8192K, 43% used [0x00000000fbb00000,0x00000000fbe78808,0x00000000fc300000)
  to   space 33792K, 0% used [0x00000000f9a00000,0x00000000f9a00000,0x00000000fbb00000)
 ParOldGen       total 120832K, used 120554K [0x00000000c0000000, 0x00000000c7600000, 0x00000000eab00000)
  object space 120832K, 99% used [0x00000000c0000000,0x00000000c75baa88,0x00000000c7600000)
 Metaspace       used 6490K, capacity 7320K, committed 7680K, reserved 1056768K
  class space    used 617K, capacity 656K, committed 768K, reserved 1048576K
}
Event: 14.539 GC heap before
{Heap before GC invocations=13 (full 3):
 PSYoungGen      total 201728K, used 197090K [0x00000000eab00000, 0x00000000fc300000, 0x0000000100000000)
  eden space 193536K, 100% used [0x00000000eab00000,0x00000000f6800000,0x00000000f6800000)
  from space 8192K, 43% used [0x00000000fbb00000,0x00000000fbe78808,0x00000000fc300000)
  to   space 33792K, 0% used [0x00000000f9a00000,0x00000000f9a00000,0x00000000fbb00000)
 ParOldGen       total 120832K, used 120554K [0x00000000c0000000, 0x00000000c7600000, 0x00000000eab00000)
  object space 120832K, 99% used [0x00000000c0000000,0x00000000c75baa88,0x00000000c7600000)
 Metaspace       used 6495K, capacity 7320K, committed 7680K, reserved 1056768K
  class space    used 618K, capacity 656K, committed 768K, reserved 1048576K
Event: 16.448 GC heap after
Heap after GC invocations=13 (full 3):
 PSYoungGen      total 201728K, used 31368K [0x00000000eab00000, 0x00000000fc300000, 0x0000000100000000)
  eden space 193536K, 16% used [0x00000000eab00000,0x00000000ec9a2260,0x00000000f6800000)
  from space 8192K, 0% used [0x00000000fbb00000,0x00000000fbb00000,0x00000000fc300000)
  to   space 33792K, 0% used [0x00000000f9a00000,0x00000000f9a00000,0x00000000fbb00000)
 ParOldGen       total 120832K, used 120810K [0x00000000c0000000, 0x00000000c7600000, 0x00000000eab00000)
  object space 120832K, 99% used [0x00000000c0000000,0x00000000c75fab10,0x00000000c7600000)
 Metaspace       used 6495K, capacity 7320K, committed 7680K, reserved 1056768K
  class space    used 618K, capacity 656K, committed 768K, reserved 1048576K
}
Event: 17.311 GC heap before
{Heap before GC invocations=14 (full 4):
 PSYoungGen      total 201728K, used 193536K [0x00000000eab00000, 0x00000000fc300000, 0x0000000100000000)
  eden space 193536K, 100% used [0x00000000eab00000,0x00000000f6800000,0x00000000f6800000)
  from space 8192K, 0% used [0x00000000fbb00000,0x00000000fbb00000,0x00000000fc300000)
  to   space 33792K, 0% used [0x00000000f9a00000,0x00000000f9a00000,0x00000000fbb00000)
 ParOldGen       total 120832K, used 120810K [0x00000000c0000000, 0x00000000c7600000, 0x00000000eab00000)
  object space 120832K, 99% used [0x00000000c0000000,0x00000000c75fab10,0x00000000c7600000)
 Metaspace       used 6496K, capacity 7320K, committed 7680K, reserved 1056768K
  class space    used 618K, capacity 656K, committed 768K, reserved 1048576K
Event: 19.220 GC heap after
Heap after GC invocations=14 (full 4):
 PSYoungGen      total 201728K, used 55873K [0x00000000eab00000, 0x00000000fc300000, 0x0000000100000000)
  eden space 193536K, 28% used [0x00000000eab00000,0x00000000ee190718,0x00000000f6800000)
  from space 8192K, 0% used [0x00000000fbb00000,0x00000000fbb00000,0x00000000fc300000)
  to   space 33792K, 0% used [0x00000000f9a00000,0x00000000f9a00000,0x00000000fbb00000)
 ParOldGen       total 120832K, used 120728K [0x00000000c0000000, 0x00000000c7600000, 0x00000000eab00000)
  object space 120832K, 99% used [0x00000000c0000000,0x00000000c75e6030,0x00000000c7600000)
 Metaspace       used 6496K, capacity 7320K, committed 7680K, reserved 1056768K
  class space    used 618K, capacity 656K, committed 768K, reserved 1048576K
}
Event: 19.846 GC heap before
{Heap before GC invocations=15 (full 5):
 PSYoungGen      total 201728K, used 193536K [0x00000000eab00000, 0x00000000fc300000, 0x0000000100000000)
  eden space 193536K, 100% used [0x00000000eab00000,0x00000000f6800000,0x00000000f6800000)
  from space 8192K, 0% used [0x00000000fbb00000,0x00000000fbb00000,0x00000000fc300000)
  to   space 33792K, 0% used [0x00000000f9a00000,0x00000000f9a00000,0x00000000fbb00000)
 ParOldGen       total 120832K, used 120728K [0x00000000c0000000, 0x00000000c7600000, 0x00000000eab00000)
  object space 120832K, 99% used [0x00000000c0000000,0x00000000c75e6030,0x00000000c7600000)
 Metaspace       used 6498K, capacity 7320K, committed 7680K, reserved 1056768K
  class space    used 618K, capacity 656K, committed 768K, reserved 1048576K
Event: 21.584 GC heap after
Heap after GC invocations=15 (full 5):
 PSYoungGen      total 201728K, used 77643K [0x00000000eab00000, 0x00000000fc300000, 0x0000000100000000)
  eden space 193536K, 40% used [0x00000000eab00000,0x00000000ef6d2cd8,0x00000000f6800000)
  from space 8192K, 0% used [0x00000000fbb00000,0x00000000fbb00000,0x00000000fc300000)
  to   space 33792K, 0% used [0x00000000f9a00000,0x00000000f9a00000,0x00000000fbb00000)
 ParOldGen       total 120832K, used 120727K [0x00000000c0000000, 0x00000000c7600000, 0x00000000eab00000)
  object space 120832K, 99% used [0x00000000c0000000,0x00000000c75e5dd0,0x00000000c7600000)
 Metaspace       used 6498K, capacity 7320K, committed 7680K, reserved 1056768K
  class space    used 618K, capacity 656K, committed 768K, reserved 1048576K
}

